<?xml version="1.0" encoding="UTF-8"?>
<!-- Generated by org.testng.reporters.JUnitReportReporter -->
<testsuite hostname="DDC5-L-7F2RD63" failures="0" tests="2" name="mvnfamework.Mavenjava.AppiumTest" time="0.006" errors="0" timestamp="17 Sep 2021 05:07:01 GMT" skipped="0">
  <testcase classname="mvnfamework.Mavenjava.AppiumTest" name="IOSApps" time="0.006"/>
  <testcase classname="mvnfamework.Mavenjava.AppiumTest" name="NativeAPpAndroid" time="0.000"/>
</testsuite> <!-- mvnfamework.Mavenjava.AppiumTest -->
