<?xml version="1.0" encoding="UTF-8"?>
<!-- Generated by org.testng.reporters.JUnitReportReporter -->
<testsuite hostname="DDC5-L-7F2RD63" failures="0" tests="2" name="mvnfamework.Mavenjava.RESTAPITest" time="0.000" errors="0" timestamp="17 Sep 2021 05:07:01 GMT" skipped="0">
  <testcase classname="mvnfamework.Mavenjava.RESTAPITest" name="deleteTwitter" time="0.000"/>
  <testcase classname="mvnfamework.Mavenjava.RESTAPITest" name="postJira" time="0.000"/>
</testsuite> <!-- mvnfamework.Mavenjava.RESTAPITest -->
