<?xml version="1.0" encoding="UTF-8"?>
<!-- Generated by org.testng.reporters.JUnitReportReporter -->
<testsuite hostname="DDC5-L-7F2RD63" failures="0" tests="1" name="mvnfamework.Mavenjava.AppiumTest" time="0.009" errors="0" timestamp="2021-07-20T19:35:21 IST" skipped="0">
  <testcase classname="mvnfamework.Mavenjava.AppiumTest" name="IOSApps" time="0.009"/>
  <system-out/>
</testsuite> <!-- mvnfamework.Mavenjava.AppiumTest -->
