<?xml version="1.0" encoding="UTF-8"?>
<!-- Generated by org.testng.reporters.JUnitReportReporter -->
<testsuite skipped="0" hostname="DDC5-L-7F2RD63" name="mvnfamework.Mavenjava.AppiumTest" tests="2" failures="0" timestamp="22 Jul 2021 07:23:06 GMT" time="0.008" errors="0">
  <testcase name="NativeAPpAndroid" time="0.000" classname="mvnfamework.Mavenjava.AppiumTest"/>
  <testcase name="IOSApps" time="0.008" classname="mvnfamework.Mavenjava.AppiumTest"/>
</testsuite> <!-- mvnfamework.Mavenjava.AppiumTest -->
