<?xml version="1.0" encoding="UTF-8"?>
<!-- Generated by org.testng.reporters.JUnitReportReporter -->
<testsuite skipped="0" hostname="DDC5-L-7F2RD63" name="mvnfamework.Mavenjava.SeleniumTest" tests="2" failures="0" timestamp="22 Jul 2021 07:23:06 GMT" time="0.000" errors="0">
  <testcase name="BrowserAUtomation" time="0.000" classname="mvnfamework.Mavenjava.SeleniumTest"/>
  <testcase name="elementsUi" time="0.000" classname="mvnfamework.Mavenjava.SeleniumTest"/>
</testsuite> <!-- mvnfamework.Mavenjava.SeleniumTest -->
